c:\users\rob\source\tacticsfml\sfml\debug\vc141.pdb
c:\users\rob\source\tacticsfml\sfml\debug\vc141.idb
c:\users\rob\source\tacticsfml\sfml\debug\order.obj
c:\users\rob\source\tacticsfml\sfml\debug\moveto.obj
c:\users\rob\source\tacticsfml\sfml\debug\move.obj
c:\users\rob\source\tacticsfml\sfml\debug\main.obj
c:\users\rob\source\tacticsfml\sfml\debug\linfuncparam.obj
c:\users\rob\source\tacticsfml\sfml\debug\knockdown.obj
c:\users\rob\source\tacticsfml\sfml\debug\jumpaway.obj
c:\users\rob\source\tacticsfml\sfml\debug\hittempobj.obj
c:\users\rob\source\tacticsfml\sfml\debug\hitbox.obj
c:\users\rob\source\tacticsfml\sfml\debug\gameobject.obj
c:\users\rob\source\tacticsfml\sfml\debug\gamemode.obj
c:\users\rob\source\tacticsfml\sfml\debug\game.obj
c:\users\rob\source\tacticsfml\sfml\debug\effect.obj
c:\users\rob\source\tacticsfml\sfml\debug\default.obj
c:\users\rob\source\tacticsfml\sfml\debug\collidingpolygon.obj
c:\users\rob\source\tacticsfml\sfml\debug\circlepointobj.obj
c:\users\rob\source\tacticsfml\sfml\debug\circlehitbox.obj
c:\users\rob\source\tacticsfml\sfml\debug\blocktempobj.obj
c:\users\rob\source\tacticsfml\sfml\debug\attack.obj
c:\users\rob\source\tacticsfml\sfml\debug\actionpool.obj
c:\users\rob\source\tacticsfml\sfml\debug\warrior.obj
c:\users\rob\source\tacticsfml\sfml\debug\vertexhitbox.obj
c:\users\rob\source\tacticsfml\sfml\debug\unit.obj
c:\users\rob\source\tacticsfml\sfml\debug\texturemanager.obj
c:\users\rob\source\tacticsfml\sfml\debug\tempgameobj.obj
c:\users\rob\source\tacticsfml\sfml\debug\stay.obj
c:\users\rob\source\tacticsfml\sfml\debug\statsbonuseffect.obj
c:\users\rob\source\tacticsfml\sfml\debug\mathutilities.obj
c:\users\rob\source\tacticsfml\sfml\debug\qtow.obj
c:\users\rob\source\tacticsfml\sfml\debug\qtoe.obj
c:\users\rob\source\tacticsfml\sfml\debug\qactionpool.obj
c:\users\rob\source\tacticsfml\sfml\debug\pointedunit.obj
c:\users\rob\source\tacticsfml\sfml\debug\pointableobj.obj
c:\users\rob\source\tacticsfml\debug\sfml.pdb
c:\users\rob\source\tacticsfml\sfml\debug\sfml.tlog\cl.command.1.tlog
c:\users\rob\source\tacticsfml\sfml\debug\sfml.tlog\cl.read.1.tlog
c:\users\rob\source\tacticsfml\sfml\debug\sfml.tlog\cl.write.1.tlog
c:\users\rob\source\tacticsfml\sfml\debug\sfml.tlog\link-cvtres.read.1.tlog
c:\users\rob\source\tacticsfml\sfml\debug\sfml.tlog\link-cvtres.write.1.tlog
c:\users\rob\source\tacticsfml\sfml\debug\sfml.tlog\link-rc.read.1.tlog
c:\users\rob\source\tacticsfml\sfml\debug\sfml.tlog\link-rc.write.1.tlog
c:\users\rob\source\tacticsfml\sfml\debug\sfml.tlog\link.command.1.tlog
c:\users\rob\source\tacticsfml\sfml\debug\sfml.tlog\link.read.1.tlog
c:\users\rob\source\tacticsfml\sfml\debug\sfml.tlog\link.write.1.tlog
